<?xml version="1.0" encoding="UTF-8"?>
<testng-results ignored="0" total="1" passed="1" failed="0" skipped="0">
  <reporter-output>
  </reporter-output>
  <suite started-at="2026-02-25T18:14:39 IST" name="DittoByInsurance" finished-at="2026-02-25T18:14:58 IST" duration-ms="19194">
    <groups>
    </groups>
    <test started-at="2026-02-25T18:14:39 IST" name="PremiumCalculationTests" finished-at="2026-02-25T18:14:58 IST" duration-ms="19194">
      <class name="com.ditto.tests.DittoByInsuranceTest">
        <test-method is-config="true" signature="loadTestData()[pri:0, instance:com.ditto.tests.DittoByInsuranceTest@ef9296d]" started-at="2026-02-25T18:14:39 IST" name="loadTestData" finished-at="2026-02-25T18:14:39 IST" duration-ms="585" status="PASS">
          <reporter-output>
          </reporter-output>
        </test-method> <!-- loadTestData -->
        <test-method is-config="true" signature="setUp()[pri:0, instance:com.ditto.tests.DittoByInsuranceTest@ef9296d]" started-at="2026-02-25T18:14:39 IST" name="setUp" finished-at="2026-02-25T18:14:43 IST" duration-ms="3969" status="PASS">
          <reporter-output>
          </reporter-output>
        </test-method> <!-- setUp -->
        <test-method signature="PremiumCalculationTests()[pri:0, instance:com.ditto.tests.DittoByInsuranceTest@ef9296d]" started-at="2026-02-25T18:14:43 IST" name="PremiumCalculationTests" finished-at="2026-02-25T18:14:57 IST" duration-ms="13634" status="PASS">
          <reporter-output>
          </reporter-output>
        </test-method> <!-- PremiumCalculationTests -->
        <test-method is-config="true" signature="tearDown()[pri:0, instance:com.ditto.tests.DittoByInsuranceTest@ef9296d]" started-at="2026-02-25T18:14:57 IST" name="tearDown" finished-at="2026-02-25T18:14:58 IST" duration-ms="979" status="PASS">
          <reporter-output>
          </reporter-output>
        </test-method> <!-- tearDown -->
      </class> <!-- com.ditto.tests.DittoByInsuranceTest -->
    </test> <!-- PremiumCalculationTests -->
  </suite> <!-- DittoByInsurance -->
</testng-results>
