<?xml version="1.0" encoding="UTF-8"?>
<testng-results ignored="0" total="1" passed="1" failed="0" skipped="0">
  <reporter-output>
  </reporter-output>
  <suite started-at="2026-02-25T14:12:22 IST" name="DittoByInsurance" finished-at="2026-02-25T14:12:38 IST" duration-ms="16156">
    <groups>
    </groups>
    <test started-at="2026-02-25T14:12:22 IST" name="PremiumCalculationTests" finished-at="2026-02-25T14:12:38 IST" duration-ms="16156">
      <class name="com.ditto.tests.DittoByInsuranceTest">
        <test-method is-config="true" signature="loadTestData()[pri:0, instance:com.ditto.tests.DittoByInsuranceTest@65d09a04]" started-at="2026-02-25T14:12:22 IST" name="loadTestData" finished-at="2026-02-25T14:12:22 IST" duration-ms="512" status="PASS">
          <reporter-output>
          </reporter-output>
        </test-method> <!-- loadTestData -->
        <test-method is-config="true" signature="setUp()[pri:0, instance:com.ditto.tests.DittoByInsuranceTest@65d09a04]" started-at="2026-02-25T14:12:22 IST" name="setUp" finished-at="2026-02-25T14:12:24 IST" duration-ms="2071" status="PASS">
          <reporter-output>
          </reporter-output>
        </test-method> <!-- setUp -->
        <test-method signature="PremiumCalculationTests()[pri:0, instance:com.ditto.tests.DittoByInsuranceTest@65d09a04]" started-at="2026-02-25T14:12:24 IST" name="PremiumCalculationTests" finished-at="2026-02-25T14:12:37 IST" duration-ms="12630" status="PASS">
          <reporter-output>
          </reporter-output>
        </test-method> <!-- PremiumCalculationTests -->
        <test-method is-config="true" signature="tearDown()[pri:0, instance:com.ditto.tests.DittoByInsuranceTest@65d09a04]" started-at="2026-02-25T14:12:37 IST" name="tearDown" finished-at="2026-02-25T14:12:38 IST" duration-ms="902" status="PASS">
          <reporter-output>
          </reporter-output>
        </test-method> <!-- tearDown -->
      </class> <!-- com.ditto.tests.DittoByInsuranceTest -->
    </test> <!-- PremiumCalculationTests -->
  </suite> <!-- DittoByInsurance -->
</testng-results>
